[実盤面] 2025-04-11 19:54:15
[実盤面] 2025-04-11 19:55:34
後手の持駒：
  ９ ８ ７ ６ ５ ４ ３ ２ １
+---------------------------+
|v香v桂v銀v金v玉v金v銀v桂v香|一
| ・v飛 ・ ・ ・ ・ ・v角 ・|二
|v歩v歩v歩v歩v歩v歩v歩v歩v歩|三
| ・ ・ ・ ・ ・ ・ ・ ・ ・|四
| ・ ・ ・ ・ ・ ・ ・ ・ ・|五
| ・ ・ ・ ・ ・ ・ ・ ・ ・|六
| 歩 歩 歩 歩 歩 歩 歩 歩 歩|七
| ・ 角 ・ ・ ・ ・ ・ 飛 ・|八
| 香 桂 銀 金 玉 金 銀 桂 香|九
+---------------------------+
先手の持駒：
SFEN: lnsgkgsnl/1r5b1/ppppppppp/9/9/9/PPPPPPPPP/1B5R1/LNSGKGSNL b - 1
==================================================
[実盤面] 2025-04-11 19:55:39
後手の持駒：
  ９ ８ ７ ６ ５ ４ ３ ２ １
+---------------------------+
|v香v桂v銀v金v玉v金v銀v桂v香|一
| ・v飛 ・ ・ ・ ・ ・v角 ・|二
|v歩v歩v歩v歩v歩v歩v歩v歩v歩|三
| ・ ・ ・ ・ ・ ・ ・ ・ ・|四
| ・ ・ ・ ・ ・ ・ ・ ・ ・|五
| ・ ・ ・ ・ ・ ・ ・ 歩 ・|六
| 歩 歩 歩 歩 歩 歩 歩 ・ 歩|七
| ・ 角 ・ ・ ・ ・ ・ 飛 ・|八
| 香 桂 銀 金 玉 金 銀 桂 香|九
+---------------------------+
先手の持駒：
SFEN: lnsgkgsnl/1r5b1/ppppppppp/9/9/7P1/PPPPPPP1P/1B5R1/LNSGKGSNL w - 2
==================================================
[実盤面] 2025-04-11 19:55:45
後手の持駒：
  ９ ８ ７ ６ ５ ４ ３ ２ １
+---------------------------+
|v香v桂v銀v金v玉v金v銀v桂v香|一
| ・v飛 ・ ・ ・ ・ ・v角 ・|二
|v歩 ・v歩v歩v歩v歩v歩v歩v歩|三
| ・v歩 ・ ・ ・ ・ ・ ・ ・|四
| ・ ・ ・ ・ ・ ・ ・ ・ ・|五
| ・ ・ ・ ・ ・ ・ ・ 歩 ・|六
| 歩 歩 歩 歩 歩 歩 歩 ・ 歩|七
| ・ 角 ・ ・ ・ ・ ・ 飛 ・|八
| 香 桂 銀 金 玉 金 銀 桂 香|九
+---------------------------+
先手の持駒：
SFEN: lnsgkgsnl/1r5b1/p1ppppppp/1p7/9/7P1/PPPPPPP1P/1B5R1/LNSGKGSNL b - 3
==================================================
[実盤面] 2025-04-11 19:55:48
後手の持駒：
  ９ ８ ７ ６ ５ ４ ３ ２ １
+---------------------------+
|v香v桂v銀v金v玉v金v銀v桂v香|一
| ・v飛 ・ ・ ・ ・ ・v角 ・|二
|v歩 ・v歩v歩v歩v歩v歩v歩v歩|三
| ・v歩 ・ ・ ・ ・ ・ ・ ・|四
| ・ ・ ・ ・ ・ ・ ・ ・ ・|五
| ・ ・ 歩 ・ ・ ・ ・ 歩 ・|六
| 歩 歩 ・ 歩 歩 歩 歩 ・ 歩|七
| ・ 角 ・ ・ ・ ・ ・ 飛 ・|八
| 香 桂 銀 金 玉 金 銀 桂 香|九
+---------------------------+
先手の持駒：
SFEN: lnsgkgsnl/1r5b1/p1ppppppp/1p7/9/2P4P1/PP1PPPP1P/1B5R1/LNSGKGSNL w - 4
==================================================
[実盤面] 2025-04-11 19:55:52
後手の持駒：
  ９ ８ ７ ６ ５ ４ ３ ２ １
+---------------------------+
|v香v桂v銀v金v玉v金v銀v桂v香|一
| ・v飛 ・ ・ ・ ・ ・v角 ・|二
|v歩 ・v歩v歩v歩v歩v歩v歩v歩|三
| ・ ・ ・ ・ ・ ・ ・ ・ ・|四
| ・v歩 ・ ・ ・ ・ ・ ・ ・|五
| ・ ・ 歩 ・ ・ ・ ・ 歩 ・|六
| 歩 歩 ・ 歩 歩 歩 歩 ・ 歩|七
| ・ 角 ・ ・ ・ ・ ・ 飛 ・|八
| 香 桂 銀 金 玉 金 銀 桂 香|九
+---------------------------+
先手の持駒：
SFEN: lnsgkgsnl/1r5b1/p1ppppppp/9/1p7/2P4P1/PP1PPPP1P/1B5R1/LNSGKGSNL b - 5
==================================================
[実盤面] 2025-04-11 19:55:55
後手の持駒：
  ９ ８ ７ ６ ５ ４ ３ ２ １
+---------------------------+
|v香v桂v銀v金v玉v金v銀v桂v香|一
| ・v飛 ・ ・ ・ ・ ・v角 ・|二
|v歩 ・v歩v歩v歩v歩v歩v歩v歩|三
| ・ ・ ・ ・ ・ ・ ・ ・ ・|四
| ・v歩 ・ ・ ・ ・ ・ ・ ・|五
| ・ ・ 歩 ・ ・ ・ ・ 歩 ・|六
| 歩 歩 角 歩 歩 歩 歩 ・ 歩|七
| ・ ・ ・ ・ ・ ・ ・ 飛 ・|八
| 香 桂 銀 金 玉 金 銀 桂 香|九
+---------------------------+
先手の持駒：
SFEN: lnsgkgsnl/1r5b1/p1ppppppp/9/1p7/2P4P1/PPBPPPP1P/7R1/LNSGKGSNL w - 6
==================================================
[実盤面] 2025-04-11 19:55:58
後手の持駒：
  ９ ８ ７ ６ ５ ４ ３ ２ １
+---------------------------+
|v香v桂v銀v金v玉v金v銀v桂v香|一
| ・v飛 ・ ・ ・ ・ ・v角 ・|二
|v歩 ・v歩v歩v歩v歩 ・v歩v歩|三
| ・ ・ ・ ・ ・ ・v歩 ・ ・|四
| ・v歩 ・ ・ ・ ・ ・ ・ ・|五
| ・ ・ 歩 ・ ・ ・ ・ 歩 ・|六
| 歩 歩 角 歩 歩 歩 歩 ・ 歩|七
| ・ ・ ・ ・ ・ ・ ・ 飛 ・|八
| 香 桂 銀 金 玉 金 銀 桂 香|九
+---------------------------+
先手の持駒：
SFEN: lnsgkgsnl/1r5b1/p1pppp1pp/6p2/1p7/2P4P1/PPBPPPP1P/7R1/LNSGKGSNL b - 7
==================================================
[実盤面] 2025-04-11 19:56:03
後手の持駒：
  ９ ８ ７ ６ ５ ４ ３ ２ １
+---------------------------+
|v香v桂v銀v金v玉v金v銀v桂v香|一
| ・v飛 ・ ・ ・ ・ ・v角 ・|二
|v歩 ・v歩v歩v歩v歩 ・v歩v歩|三
| ・ ・ ・ ・ ・ ・v歩 ・ ・|四
| ・v歩 ・ ・ ・ ・ ・ ・ ・|五
| ・ ・ 歩 ・ ・ ・ ・ 歩 ・|六
| 歩 歩 角 歩 歩 歩 歩 ・ 歩|七
| ・ ・ 銀 ・ ・ ・ ・ 飛 ・|八
| 香 桂 ・ 金 玉 金 銀 桂 香|九
+---------------------------+
先手の持駒：
SFEN: lnsgkgsnl/1r5b1/p1pppp1pp/6p2/1p7/2P4P1/PPBPPPP1P/2S4R1/LN1GKGSNL w - 8
==================================================
[実盤面] 2025-04-11 19:56:07
後手の持駒：　角
  ９ ８ ７ ６ ５ ４ ３ ２ １
+---------------------------+
|v香v桂v銀v金v玉v金v銀v桂v香|一
| ・v飛 ・ ・ ・ ・ ・ ・ ・|二
|v歩 ・v歩v歩v歩v歩 ・v歩v歩|三
| ・ ・ ・ ・ ・ ・v歩 ・ ・|四
| ・v歩 ・ ・ ・ ・ ・ ・ ・|五
| ・ ・ 歩 ・ ・ ・ ・ 歩 ・|六
| 歩 歩v馬 歩 歩 歩 歩 ・ 歩|七
| ・ ・ 銀 ・ ・ ・ ・ 飛 ・|八
| 香 桂 ・ 金 玉 金 銀 桂 香|九
+---------------------------+
先手の持駒：
SFEN: lnsgkgsnl/1r7/p1pppp1pp/6p2/1p7/2P4P1/PP+bPPPP1P/2S4R1/LN1GKGSNL b b 9
==================================================
[実盤面] 2025-04-11 19:56:10
後手の持駒：　角
  ９ ８ ７ ６ ５ ４ ３ ２ １
+---------------------------+
|v香v桂v銀v金v玉v金v銀v桂v香|一
| ・v飛 ・ ・ ・ ・ ・ ・ ・|二
|v歩 ・v歩v歩v歩v歩 ・v歩v歩|三
| ・ ・ ・ ・ ・ ・v歩 ・ ・|四
| ・v歩 ・ ・ ・ ・ ・ ・ ・|五
| ・ ・ 歩 ・ ・ ・ ・ 歩 ・|六
| 歩 歩 銀 歩 歩 歩 歩 ・ 歩|七
| ・ ・ ・ ・ ・ ・ ・ 飛 ・|八
| 香 桂 ・ 金 玉 金 銀 桂 香|九
+---------------------------+
先手の持駒：　角
SFEN: lnsgkgsnl/1r7/p1pppp1pp/6p2/1p7/2P4P1/PPSPPPP1P/7R1/LN1GKGSNL w Bb 10
==================================================
[実盤面] 2025-04-11 19:56:13
後手の持駒：　角
  ９ ８ ７ ６ ５ ４ ３ ２ １
+---------------------------+
|v香v桂v銀v金v玉v金 ・v桂v香|一
| ・v飛 ・ ・ ・ ・ ・v銀 ・|二
|v歩 ・v歩v歩v歩v歩 ・v歩v歩|三
| ・ ・ ・ ・ ・ ・v歩 ・ ・|四
| ・v歩 ・ ・ ・ ・ ・ ・ ・|五
| ・ ・ 歩 ・ ・ ・ ・ 歩 ・|六
| 歩 歩 銀 歩 歩 歩 歩 ・ 歩|七
| ・ ・ ・ ・ ・ ・ ・ 飛 ・|八
| 香 桂 ・ 金 玉 金 銀 桂 香|九
+---------------------------+
先手の持駒：　角
SFEN: lnsgkg1nl/1r5s1/p1pppp1pp/6p2/1p7/2P4P1/PPSPPPP1P/7R1/LN1GKGSNL b Bb 11
==================================================
[実盤面] 2025-04-11 19:56:19
後手の持駒：　角
  ９ ８ ７ ６ ５ ４ ３ ２ １
+---------------------------+
|v香v桂v銀v金v玉v金 ・v桂v香|一
| ・v飛 ・ ・ ・ ・ ・v銀 ・|二
|v歩 ・v歩v歩v歩v歩 ・v歩v歩|三
| ・ ・ ・ ・ ・ ・v歩 ・ ・|四
| ・v歩 ・ ・ ・ ・ ・ ・ ・|五
| ・ ・ 歩 ・ ・ ・ ・ 歩 歩|六
| 歩 歩 銀 歩 歩 歩 歩 ・ ・|七
| ・ ・ ・ ・ ・ ・ ・ 飛 ・|八
| 香 桂 ・ 金 玉 金 銀 桂 香|九
+---------------------------+
先手の持駒：　角
SFEN: lnsgkg1nl/1r5s1/p1pppp1pp/6p2/1p7/2P4PP/PPSPPPP2/7R1/LN1GKGSNL w Bb 12
==================================================
[実盤面] 2025-04-11 19:56:22
後手の持駒：　角
  ９ ８ ７ ６ ５ ４ ３ ２ １
+---------------------------+
|v香v桂v銀v金v玉v金 ・v桂v香|一
| ・v飛 ・ ・ ・ ・ ・v銀 ・|二
| ・ ・v歩v歩v歩v歩 ・v歩v歩|三
|v歩 ・ ・ ・ ・ ・v歩 ・ ・|四
| ・v歩 ・ ・ ・ ・ ・ ・ ・|五
| ・ ・ 歩 ・ ・ ・ ・ 歩 歩|六
| 歩 歩 銀 歩 歩 歩 歩 ・ ・|七
| ・ ・ ・ ・ ・ ・ ・ 飛 ・|八
| 香 桂 ・ 金 玉 金 銀 桂 香|九
+---------------------------+
先手の持駒：　角
SFEN: lnsgkg1nl/1r5s1/2pppp1pp/p5p2/1p7/2P4PP/PPSPPPP2/7R1/LN1GKGSNL b Bb 13
==================================================
[実盤面] 2025-04-11 19:56:25
後手の持駒：　角
  ９ ８ ７ ６ ５ ４ ３ ２ １
+---------------------------+
|v香v桂v銀v金v玉v金 ・v桂v香|一
| ・v飛 ・ ・ ・ ・ ・v銀 ・|二
| ・ ・v歩v歩v歩v歩 ・v歩v歩|三
|v歩 ・ ・ ・ ・ ・v歩 ・ ・|四
| ・v歩 ・ ・ ・ ・ ・ ・ ・|五
| 歩 ・ 歩 ・ ・ ・ ・ 歩 歩|六
| ・ 歩 銀 歩 歩 歩 歩 ・ ・|七
| ・ ・ ・ ・ ・ ・ ・ 飛 ・|八
| 香 桂 ・ 金 玉 金 銀 桂 香|九
+---------------------------+
先手の持駒：　角
SFEN: lnsgkg1nl/1r5s1/2pppp1pp/p5p2/1p7/P1P4PP/1PSPPPP2/7R1/LN1GKGSNL w Bb 14
==================================================
[実盤面] 2025-04-11 19:56:28
後手の持駒：　角
  ９ ８ ７ ６ ５ ４ ３ ２ １
+---------------------------+
|v香v桂v銀v金v玉v金 ・v桂v香|一
| ・v飛 ・ ・ ・ ・ ・v銀 ・|二
| ・ ・ ・v歩v歩v歩 ・v歩v歩|三
|v歩 ・v歩 ・ ・ ・v歩 ・ ・|四
| ・v歩 ・ ・ ・ ・ ・ ・ ・|五
| 歩 ・ 歩 ・ ・ ・ ・ 歩 歩|六
| ・ 歩 銀 歩 歩 歩 歩 ・ ・|七
| ・ ・ ・ ・ ・ ・ ・ 飛 ・|八
| 香 桂 ・ 金 玉 金 銀 桂 香|九
+---------------------------+
先手の持駒：　角
SFEN: lnsgkg1nl/1r5s1/3ppp1pp/p1p3p2/1p7/P1P4PP/1PSPPPP2/7R1/LN1GKGSNL b Bb 15
==================================================
[実盤面] 2025-04-11 19:56:32
後手の持駒：　角
  ９ ８ ７ ６ ５ ４ ３ ２ １
+---------------------------+
|v香v桂v銀v金v玉v金 ・v桂v香|一
| ・v飛 ・ ・ ・ ・ ・v銀 ・|二
| ・ ・ ・v歩v歩v歩 ・v歩v歩|三
|v歩 ・v歩 ・ ・ ・v歩 ・ ・|四
| ・v歩 ・ ・ ・ ・ ・ ・ ・|五
| 歩 ・ 歩 ・ ・ ・ ・ 歩 歩|六
| ・ 歩 銀 歩 歩 歩 歩 ・ ・|七
| ・ ・ 金 ・ ・ ・ ・ 飛 ・|八
| 香 桂 ・ ・ 玉 金 銀 桂 香|九
+---------------------------+
先手の持駒：　角
SFEN: lnsgkg1nl/1r5s1/3ppp1pp/p1p3p2/1p7/P1P4PP/1PSPPPP2/2G4R1/LN2KGSNL w Bb 16
==================================================
[実盤面] 2025-04-11 19:56:35
後手の持駒：　角
  ９ ８ ７ ６ ５ ４ ３ ２ １
+---------------------------+
|v香 ・v銀v金v玉v金 ・v桂v香|一
| ・v飛 ・ ・ ・ ・ ・v銀 ・|二
| ・ ・v桂v歩v歩v歩 ・v歩v歩|三
|v歩 ・v歩 ・ ・ ・v歩 ・ ・|四
| ・v歩 ・ ・ ・ ・ ・ ・ ・|五
| 歩 ・ 歩 ・ ・ ・ ・ 歩 歩|六
| ・ 歩 銀 歩 歩 歩 歩 ・ ・|七
| ・ ・ 金 ・ ・ ・ ・ 飛 ・|八
| 香 桂 ・ ・ 玉 金 銀 桂 香|九
+---------------------------+
先手の持駒：　角
SFEN: l1sgkg1nl/1r5s1/2nppp1pp/p1p3p2/1p7/P1P4PP/1PSPPPP2/2G4R1/LN2KGSNL b Bb 17
==================================================
[実盤面] 2025-04-11 19:56:40
後手の持駒：　角
  ９ ８ ７ ６ ５ ４ ３ ２ １
+---------------------------+
|v香 ・v銀v金v玉v金 ・v桂v香|一
| ・v飛 ・ ・ ・ ・ ・v銀 ・|二
| ・ ・v桂v歩v歩v歩 ・v歩v歩|三
|v歩 ・v歩 ・ ・ ・v歩 ・ ・|四
| ・v歩 ・ ・ ・ ・ ・ ・ 歩|五
| 歩 ・ 歩 ・ ・ ・ ・ 歩 ・|六
| ・ 歩 銀 歩 歩 歩 歩 ・ ・|七
| ・ ・ 金 ・ ・ ・ ・ 飛 ・|八
| 香 桂 ・ ・ 玉 金 銀 桂 香|九
+---------------------------+
先手の持駒：　角
SFEN: l1sgkg1nl/1r5s1/2nppp1pp/p1p3p2/1p6P/P1P4P1/1PSPPPP2/2G4R1/LN2KGSNL w Bb 18
==================================================
[実盤面] 2025-04-11 19:56:43
後手の持駒：　角
  ９ ８ ７ ６ ５ ４ ３ ２ １
+---------------------------+
|v香 ・v銀v金v玉v金 ・v桂v香|一
| ・v飛 ・ ・ ・ ・ ・v銀 ・|二
| ・ ・v桂v歩v歩v歩 ・v歩v歩|三
|v歩 ・v歩 ・ ・ ・v歩 ・ ・|四
| ・ ・ ・ ・ ・ ・ ・ ・ 歩|五
| 歩v歩 歩 ・ ・ ・ ・ 歩 ・|六
| ・ 歩 銀 歩 歩 歩 歩 ・ ・|七
| ・ ・ 金 ・ ・ ・ ・ 飛 ・|八
| 香 桂 ・ ・ 玉 金 銀 桂 香|九
+---------------------------+
先手の持駒：　角
SFEN: l1sgkg1nl/1r5s1/2nppp1pp/p1p3p2/8P/PpP4P1/1PSPPPP2/2G4R1/LN2KGSNL b Bb 19
==================================================
[実盤面] 2025-04-11 19:56:47
後手の持駒：　角
  ９ ８ ７ ６ ５ ４ ３ ２ １
+---------------------------+
|v香 ・v銀v金v玉v金 ・v桂v香|一
| ・v飛 ・ ・ ・ ・ ・v銀 ・|二
| ・ ・v桂v歩v歩v歩 ・v歩v歩|三
|v歩 ・v歩 ・ ・ ・v歩 ・ ・|四
| ・ ・ ・ ・ ・ ・ ・ ・ 歩|五
| 歩 歩 歩 ・ ・ ・ ・ 歩 ・|六
| ・ ・ 銀 歩 歩 歩 歩 ・ ・|七
| ・ ・ 金 ・ ・ ・ ・ 飛 ・|八
| 香 桂 ・ ・ 玉 金 銀 桂 香|九
+---------------------------+
先手の持駒：　角　歩
SFEN: l1sgkg1nl/1r5s1/2nppp1pp/p1p3p2/8P/PPP4P1/2SPPPP2/2G4R1/LN2KGSNL w BPb 20
==================================================
[実盤面] 2025-04-11 19:56:50
後手の持駒：　角
  ９ ８ ７ ６ ５ ４ ３ ２ １
+---------------------------+
|v香 ・v銀v金v玉v金 ・v桂v香|一
| ・v飛 ・ ・ ・ ・ ・v銀 ・|二
| ・ ・ ・v歩v歩v歩 ・v歩v歩|三
|v歩 ・v歩 ・ ・ ・v歩 ・ ・|四
| ・ ・ ・v桂 ・ ・ ・ ・ 歩|五
| 歩 歩 歩 ・ ・ ・ ・ 歩 ・|六
| ・ ・ 銀 歩 歩 歩 歩 ・ ・|七
| ・ ・ 金 ・ ・ ・ ・ 飛 ・|八
| 香 桂 ・ ・ 玉 金 銀 桂 香|九
+---------------------------+
先手の持駒：　角　歩
SFEN: l1sgkg1nl/1r5s1/3ppp1pp/p1p3p2/3n4P/PPP4P1/2SPPPP2/2G4R1/LN2KGSNL b BPb 21
==================================================
[実盤面] 2025-04-11 19:56:54
後手の持駒：　角
  ９ ８ ７ ６ ５ ４ ３ ２ １
+---------------------------+
|v香 ・v銀v金v玉v金 ・v桂v香|一
| ・v飛 ・ ・ ・ ・ ・v銀 ・|二
| ・ ・ ・v歩v歩v歩 ・v歩v歩|三
|v歩 ・v歩 ・ ・ ・v歩 ・ ・|四
| ・ ・ ・v桂 ・ ・ ・ ・ 歩|五
| 歩 歩 歩 ・ ・ ・ ・ 歩 ・|六
| ・ ・ ・ 歩 歩 歩 歩 ・ ・|七
| ・ 銀 金 ・ ・ ・ ・ 飛 ・|八
| 香 桂 ・ ・ 玉 金 銀 桂 香|九
+---------------------------+
先手の持駒：　角　歩
SFEN: l1sgkg1nl/1r5s1/3ppp1pp/p1p3p2/3n4P/PPP4P1/3PPPP2/1SG4R1/LN2KGSNL w BPb 22
==================================================
[実盤面] 2025-04-11 19:56:59
後手の持駒：　角　歩
  ９ ８ ７ ６ ５ ４ ３ ２ １
+---------------------------+
|v香 ・v銀v金v玉v金 ・v桂v香|一
| ・ ・ ・ ・ ・ ・ ・v銀 ・|二
| ・ ・ ・v歩v歩v歩 ・v歩v歩|三
|v歩 ・v歩 ・ ・ ・v歩 ・ ・|四
| ・ ・ ・v桂 ・ ・ ・ ・ 歩|五
| 歩v飛 歩 ・ ・ ・ ・ 歩 ・|六
| ・ ・ ・ 歩 歩 歩 歩 ・ ・|七
| ・ 銀 金 ・ ・ ・ ・ 飛 ・|八
| 香 桂 ・ ・ 玉 金 銀 桂 香|九
+---------------------------+
先手の持駒：　角　歩
SFEN: l1sgkg1nl/7s1/3ppp1pp/p1p3p2/3n4P/PrP4P1/3PPPP2/1SG4R1/LN2KGSNL b BPbp 23
==================================================
[実盤面] 2025-04-11 19:57:02
後手の持駒：　角　歩
  ９ ８ ７ ６ ５ ４ ３ ２ １
+---------------------------+
|v香 ・v銀v金v玉v金 ・v桂v香|一
| ・ ・ ・ ・ ・ ・ ・v銀 ・|二
| ・ ・ ・v歩v歩v歩 ・v歩v歩|三
|v歩 ・v歩 ・ ・ ・v歩 ・ ・|四
| ・ ・ ・v桂 ・ ・ ・ ・ 歩|五
| 歩 ・ 歩 ・ ・ ・ ・ 歩 ・|六
| ・ ・ ・ 歩 歩 歩 歩 ・ ・|七
| ・ 銀 金 ・ ・ ・ ・ 飛 ・|八
| 香 龍 ・ ・ 玉 金 銀 桂 香|九
+---------------------------+
先手の持駒：　角　桂　歩
SFEN: l1sgkg1nl/7s1/3ppp1pp/p1p3p2/3n4P/P1P4P1/3PPPP2/1SG4R1/L+R2KGSNL w BNPbp 24
==================================================
[実盤面] 2025-04-11 20:32:02
後手の持駒：
  ９ ８ ７ ６ ５ ４ ３ ２ １
+---------------------------+
|v香v桂v銀v金v玉v金v銀v桂v香|一
| ・v飛 ・ ・ ・ ・ ・v角 ・|二
|v歩v歩v歩v歩v歩v歩v歩v歩v歩|三
| ・ ・ ・ ・ ・ ・ ・ ・ ・|四
| ・ ・ ・ ・ ・ ・ ・ ・ ・|五
| ・ ・ ・ ・ ・ ・ ・ ・ ・|六
| 歩 歩 歩 歩 歩 歩 歩 歩 歩|七
| ・ 角 ・ ・ ・ ・ ・ 飛 ・|八
| 香 桂 銀 金 玉 金 銀 桂 香|九
+---------------------------+
先手の持駒：
SFEN: lnsgkgsnl/1r5b1/ppppppppp/9/9/9/PPPPPPPPP/1B5R1/LNSGKGSNL b - 1
==================================================
[実盤面] 2025-04-11 20:32:07
後手の持駒：
  ９ ８ ７ ６ ５ ４ ３ ２ １
+---------------------------+
|v香v桂v銀v金v玉v金v銀v桂v香|一
| ・v飛 ・ ・ ・ ・ ・v角 ・|二
|v歩v歩v歩v歩v歩v歩v歩v歩v歩|三
| ・ ・ ・ ・ ・ ・ ・ ・ ・|四
| ・ ・ ・ ・ ・ ・ ・ ・ ・|五
| ・ ・ ・ ・ ・ ・ ・ 歩 ・|六
| 歩 歩 歩 歩 歩 歩 歩 ・ 歩|七
| ・ 角 ・ ・ ・ ・ ・ 飛 ・|八
| 香 桂 銀 金 玉 金 銀 桂 香|九
+---------------------------+
先手の持駒：
SFEN: lnsgkgsnl/1r5b1/ppppppppp/9/9/7P1/PPPPPPP1P/1B5R1/LNSGKGSNL w - 2
==================================================
[実盤面] 2025-04-11 20:33:49
後手の持駒：
  ９ ８ ７ ６ ５ ４ ３ ２ １
+---------------------------+
|v香v桂v銀v金v玉v金v銀v桂v香|一
| ・v飛 ・ ・ ・ ・ ・v角 ・|二
|v歩v歩v歩v歩v歩v歩v歩v歩v歩|三
| ・ ・ ・ ・ ・ ・ ・ ・ ・|四
| ・ ・ ・ ・ ・ ・ ・ ・ ・|五
| ・ ・ ・ ・ ・ ・ ・ ・ ・|六
| 歩 歩 歩 歩 歩 歩 歩 歩 歩|七
| ・ 角 ・ ・ ・ ・ ・ 飛 ・|八
| 香 桂 銀 金 玉 金 銀 桂 香|九
+---------------------------+
先手の持駒：
SFEN: lnsgkgsnl/1r5b1/ppppppppp/9/9/9/PPPPPPPPP/1B5R1/LNSGKGSNL b - 1
==================================================
[実盤面] 2025-04-11 20:33:55
後手の持駒：
  ９ ８ ７ ６ ５ ４ ３ ２ １
+---------------------------+
|v香v桂v銀v金v玉v金v銀v桂v香|一
| ・v飛 ・ ・ ・ ・ ・v角 ・|二
|v歩v歩v歩v歩v歩v歩v歩v歩v歩|三
| ・ ・ ・ ・ ・ ・ ・ ・ ・|四
| ・ ・ ・ ・ ・ ・ ・ ・ ・|五
| ・ ・ ・ ・ ・ ・ ・ 歩 ・|六
| 歩 歩 歩 歩 歩 歩 歩 ・ 歩|七
| ・ 角 ・ ・ ・ ・ ・ 飛 ・|八
| 香 桂 銀 金 玉 金 銀 桂 香|九
+---------------------------+
先手の持駒：
SFEN: lnsgkgsnl/1r5b1/ppppppppp/9/9/7P1/PPPPPPP1P/1B5R1/LNSGKGSNL w - 2
==================================================
[実盤面] 2025-04-11 20:34:00
後手の持駒：
  ９ ８ ７ ６ ５ ４ ３ ２ １
+---------------------------+
|v香v桂v銀v金v玉v金v銀v桂v香|一
| ・v飛 ・ ・ ・ ・ ・v角 ・|二
|v歩 ・v歩v歩v歩v歩v歩v歩v歩|三
| ・v歩 ・ ・ ・ ・ ・ ・ ・|四
| ・ ・ ・ ・ ・ ・ ・ ・ ・|五
| ・ ・ ・ ・ ・ ・ ・ 歩 ・|六
| 歩 歩 歩 歩 歩 歩 歩 ・ 歩|七
| ・ 角 ・ ・ ・ ・ ・ 飛 ・|八
| 香 桂 銀 金 玉 金 銀 桂 香|九
+---------------------------+
先手の持駒：
SFEN: lnsgkgsnl/1r5b1/p1ppppppp/1p7/9/7P1/PPPPPPP1P/1B5R1/LNSGKGSNL b - 3
==================================================
[実盤面] 2025-04-11 20:34:10
後手の持駒：
  ９ ８ ７ ６ ５ ４ ３ ２ １
+---------------------------+
|v香v桂v銀v金v玉v金v銀v桂v香|一
| ・v飛 ・ ・ ・ ・ ・v角 ・|二
|v歩v歩v歩v歩v歩v歩v歩v歩v歩|三
| ・ ・ ・ ・ ・ ・ ・ ・ ・|四
| ・ ・ ・ ・ ・ ・ ・ ・ ・|五
| ・ ・ ・ ・ ・ ・ ・ ・ ・|六
| 歩 歩 歩 歩 歩 歩 歩 歩 歩|七
| ・ 角 ・ ・ ・ ・ ・ 飛 ・|八
| 香 桂 銀 金 玉 金 銀 桂 香|九
+---------------------------+
先手の持駒：
SFEN: lnsgkgsnl/1r5b1/ppppppppp/9/9/9/PPPPPPPPP/1B5R1/LNSGKGSNL b - 1
==================================================
[実盤面] 2025-04-11 20:34:15
後手の持駒：
  ９ ８ ７ ６ ５ ４ ３ ２ １
+---------------------------+
|v香v桂v銀v金v玉v金v銀v桂v香|一
| ・v飛 ・ ・ ・ ・ ・v角 ・|二
|v歩v歩v歩v歩v歩v歩v歩v歩v歩|三
| ・ ・ ・ ・ ・ ・ ・ ・ ・|四
| ・ ・ ・ ・ ・ ・ ・ ・ ・|五
| ・ ・ ・ ・ ・ ・ ・ 歩 ・|六
| 歩 歩 歩 歩 歩 歩 歩 ・ 歩|七
| ・ 角 ・ ・ ・ ・ ・ 飛 ・|八
| 香 桂 銀 金 玉 金 銀 桂 香|九
+---------------------------+
先手の持駒：
SFEN: lnsgkgsnl/1r5b1/ppppppppp/9/9/7P1/PPPPPPP1P/1B5R1/LNSGKGSNL w - 2
==================================================
[実盤面] 2025-04-11 20:34:52
後手の持駒：
  ９ ８ ７ ６ ５ ４ ３ ２ １
+---------------------------+
|v香v桂v銀v金v玉v金v銀v桂v香|一
| ・v飛 ・ ・ ・ ・ ・v角 ・|二
|v歩v歩v歩v歩v歩v歩v歩v歩v歩|三
| ・ ・ ・ ・ ・ ・ ・ ・ ・|四
| ・ ・ ・ ・ ・ ・ ・ ・ ・|五
| ・ ・ ・ ・ ・ ・ ・ ・ ・|六
| 歩 歩 歩 歩 歩 歩 歩 歩 歩|七
| ・ 角 ・ ・ ・ ・ ・ 飛 ・|八
| 香 桂 銀 金 玉 金 銀 桂 香|九
+---------------------------+
先手の持駒：
SFEN: lnsgkgsnl/1r5b1/ppppppppp/9/9/9/PPPPPPPPP/1B5R1/LNSGKGSNL b - 1
==================================================
[実盤面] 2025-04-11 20:34:58
後手の持駒：
  ９ ８ ７ ６ ５ ４ ３ ２ １
+---------------------------+
|v香v桂v銀v金v玉v金v銀v桂v香|一
| ・v飛 ・ ・ ・ ・ ・v角 ・|二
|v歩v歩v歩v歩v歩v歩v歩v歩v歩|三
| ・ ・ ・ ・ ・ ・ ・ ・ ・|四
| ・ ・ ・ ・ ・ ・ ・ ・ ・|五
| ・ ・ ・ ・ ・ ・ ・ 歩 ・|六
| 歩 歩 歩 歩 歩 歩 歩 ・ 歩|七
| ・ 角 ・ ・ ・ ・ ・ 飛 ・|八
| 香 桂 銀 金 玉 金 銀 桂 香|九
+---------------------------+
先手の持駒：
SFEN: lnsgkgsnl/1r5b1/ppppppppp/9/9/7P1/PPPPPPP1P/1B5R1/LNSGKGSNL w - 2
==================================================
[実盤面] 2025-04-11 20:35:03
後手の持駒：
  ９ ８ ７ ６ ５ ４ ３ ２ １
+---------------------------+
|v香v桂v銀v金v玉v金v銀v桂v香|一
| ・v飛 ・ ・ ・ ・ ・v角 ・|二
|v歩 ・v歩v歩v歩v歩v歩v歩v歩|三
| ・v歩 ・ ・ ・ ・ ・ ・ ・|四
| ・ ・ ・ ・ ・ ・ ・ ・ ・|五
| ・ ・ ・ ・ ・ ・ ・ 歩 ・|六
| 歩 歩 歩 歩 歩 歩 歩 ・ 歩|七
| ・ 角 ・ ・ ・ ・ ・ 飛 ・|八
| 香 桂 銀 金 玉 金 銀 桂 香|九
+---------------------------+
先手の持駒：
SFEN: lnsgkgsnl/1r5b1/p1ppppppp/1p7/9/7P1/PPPPPPP1P/1B5R1/LNSGKGSNL b - 3
==================================================
[実盤面] 2025-04-11 20:35:07
後手の持駒：
  ９ ８ ７ ６ ５ ４ ３ ２ １
+---------------------------+
|v香v桂v銀v金v玉v金v銀v桂v香|一
| ・v飛 ・ ・ ・ ・ ・v角 ・|二
|v歩 ・v歩v歩v歩v歩v歩v歩v歩|三
| ・v歩 ・ ・ ・ ・ ・ ・ ・|四
| ・ ・ ・ ・ ・ ・ ・ ・ ・|五
| ・ ・ 歩 ・ ・ ・ ・ 歩 ・|六
| 歩 歩 ・ 歩 歩 歩 歩 ・ 歩|七
| ・ 角 ・ ・ ・ ・ ・ 飛 ・|八
| 香 桂 銀 金 玉 金 銀 桂 香|九
+---------------------------+
先手の持駒：
SFEN: lnsgkgsnl/1r5b1/p1ppppppp/1p7/9/2P4P1/PP1PPPP1P/1B5R1/LNSGKGSNL w - 4
==================================================
[実盤面] 2025-04-11 20:35:10
後手の持駒：
  ９ ８ ７ ６ ５ ４ ３ ２ １
+---------------------------+
|v香v桂v銀v金v玉v金v銀v桂v香|一
| ・v飛 ・ ・ ・ ・ ・v角 ・|二
|v歩 ・v歩v歩v歩v歩v歩v歩v歩|三
| ・ ・ ・ ・ ・ ・ ・ ・ ・|四
| ・v歩 ・ ・ ・ ・ ・ ・ ・|五
| ・ ・ 歩 ・ ・ ・ ・ 歩 ・|六
| 歩 歩 ・ 歩 歩 歩 歩 ・ 歩|七
| ・ 角 ・ ・ ・ ・ ・ 飛 ・|八
| 香 桂 銀 金 玉 金 銀 桂 香|九
+---------------------------+
先手の持駒：
SFEN: lnsgkgsnl/1r5b1/p1ppppppp/9/1p7/2P4P1/PP1PPPP1P/1B5R1/LNSGKGSNL b - 5
==================================================
[実盤面] 2025-04-11 20:35:14
後手の持駒：
  ９ ８ ７ ６ ５ ４ ３ ２ １
+---------------------------+
|v香v桂v銀v金v玉v金v銀v桂v香|一
| ・v飛 ・ ・ ・ ・ ・v角 ・|二
|v歩 ・v歩v歩v歩v歩v歩v歩v歩|三
| ・ ・ ・ ・ ・ ・ ・ ・ ・|四
| ・v歩 ・ ・ ・ ・ ・ ・ ・|五
| ・ ・ 歩 ・ ・ ・ ・ 歩 ・|六
| 歩 歩 角 歩 歩 歩 歩 ・ 歩|七
| ・ ・ ・ ・ ・ ・ ・ 飛 ・|八
| 香 桂 銀 金 玉 金 銀 桂 香|九
+---------------------------+
先手の持駒：
SFEN: lnsgkgsnl/1r5b1/p1ppppppp/9/1p7/2P4P1/PPBPPPP1P/7R1/LNSGKGSNL w - 6
==================================================
[実盤面] 2025-04-11 20:35:17
後手の持駒：
  ９ ８ ７ ６ ５ ４ ３ ２ １
+---------------------------+
|v香v桂v銀v金v玉v金v銀v桂v香|一
| ・v飛 ・ ・ ・ ・ ・v角 ・|二
|v歩 ・v歩v歩v歩v歩 ・v歩v歩|三
| ・ ・ ・ ・ ・ ・v歩 ・ ・|四
| ・v歩 ・ ・ ・ ・ ・ ・ ・|五
| ・ ・ 歩 ・ ・ ・ ・ 歩 ・|六
| 歩 歩 角 歩 歩 歩 歩 ・ 歩|七
| ・ ・ ・ ・ ・ ・ ・ 飛 ・|八
| 香 桂 銀 金 玉 金 銀 桂 香|九
+---------------------------+
先手の持駒：
SFEN: lnsgkgsnl/1r5b1/p1pppp1pp/6p2/1p7/2P4P1/PPBPPPP1P/7R1/LNSGKGSNL b - 7
==================================================
[実盤面] 2025-04-11 20:35:22
後手の持駒：
  ９ ８ ７ ６ ５ ４ ３ ２ １
+---------------------------+
|v香v桂v銀v金v玉v金v銀v桂v香|一
| ・v飛 ・ ・ ・ ・ ・v角 ・|二
|v歩 ・v歩v歩v歩v歩 ・v歩v歩|三
| ・ ・ ・ ・ ・ ・v歩 ・ ・|四
| ・v歩 ・ ・ ・ ・ ・ ・ ・|五
| ・ ・ 歩 ・ ・ ・ ・ 歩 ・|六
| 歩 歩 角 歩 歩 歩 歩 ・ 歩|七
| ・ ・ 銀 ・ ・ ・ ・ 飛 ・|八
| 香 桂 ・ 金 玉 金 銀 桂 香|九
+---------------------------+
先手の持駒：
SFEN: lnsgkgsnl/1r5b1/p1pppp1pp/6p2/1p7/2P4P1/PPBPPPP1P/2S4R1/LN1GKGSNL w - 8
==================================================
[実盤面] 2025-04-11 20:35:25
後手の持駒：　角
  ９ ８ ７ ６ ５ ４ ３ ２ １
+---------------------------+
|v香v桂v銀v金v玉v金v銀v桂v香|一
| ・v飛 ・ ・ ・ ・ ・ ・ ・|二
|v歩 ・v歩v歩v歩v歩 ・v歩v歩|三
| ・ ・ ・ ・ ・ ・v歩 ・ ・|四
| ・v歩 ・ ・ ・ ・ ・ ・ ・|五
| ・ ・ 歩 ・ ・ ・ ・ 歩 ・|六
| 歩 歩v馬 歩 歩 歩 歩 ・ 歩|七
| ・ ・ 銀 ・ ・ ・ ・ 飛 ・|八
| 香 桂 ・ 金 玉 金 銀 桂 香|九
+---------------------------+
先手の持駒：
SFEN: lnsgkgsnl/1r7/p1pppp1pp/6p2/1p7/2P4P1/PP+bPPPP1P/2S4R1/LN1GKGSNL b b 9
==================================================
[実盤面] 2025-04-11 20:35:28
後手の持駒：　角
  ９ ８ ７ ６ ５ ４ ３ ２ １
+---------------------------+
|v香v桂v銀v金v玉v金v銀v桂v香|一
| ・v飛 ・ ・ ・ ・ ・ ・ ・|二
|v歩 ・v歩v歩v歩v歩 ・v歩v歩|三
| ・ ・ ・ ・ ・ ・v歩 ・ ・|四
| ・v歩 ・ ・ ・ ・ ・ ・ ・|五
| ・ ・ 歩 ・ ・ ・ ・ 歩 ・|六
| 歩 歩 銀 歩 歩 歩 歩 ・ 歩|七
| ・ ・ ・ ・ ・ ・ ・ 飛 ・|八
| 香 桂 ・ 金 玉 金 銀 桂 香|九
+---------------------------+
先手の持駒：　角
SFEN: lnsgkgsnl/1r7/p1pppp1pp/6p2/1p7/2P4P1/PPSPPPP1P/7R1/LN1GKGSNL w Bb 10
==================================================
[実盤面] 2025-04-11 20:35:32
後手の持駒：　角
  ９ ８ ７ ６ ５ ４ ３ ２ １
+---------------------------+
|v香v桂v銀v金v玉v金 ・v桂v香|一
| ・v飛 ・ ・ ・ ・ ・v銀 ・|二
|v歩 ・v歩v歩v歩v歩 ・v歩v歩|三
| ・ ・ ・ ・ ・ ・v歩 ・ ・|四
| ・v歩 ・ ・ ・ ・ ・ ・ ・|五
| ・ ・ 歩 ・ ・ ・ ・ 歩 ・|六
| 歩 歩 銀 歩 歩 歩 歩 ・ 歩|七
| ・ ・ ・ ・ ・ ・ ・ 飛 ・|八
| 香 桂 ・ 金 玉 金 銀 桂 香|九
+---------------------------+
先手の持駒：　角
SFEN: lnsgkg1nl/1r5s1/p1pppp1pp/6p2/1p7/2P4P1/PPSPPPP1P/7R1/LN1GKGSNL b Bb 11
==================================================
[実盤面] 2025-04-11 20:35:37
後手の持駒：　角
  ９ ８ ７ ６ ５ ４ ３ ２ １
+---------------------------+
|v香v桂v銀v金v玉v金 ・v桂v香|一
| ・v飛 ・ ・ ・ ・ ・v銀 ・|二
|v歩 ・v歩v歩v歩v歩 ・v歩v歩|三
| ・ ・ ・ ・ ・ ・v歩 ・ ・|四
| ・v歩 ・ ・ ・ ・ ・ ・ ・|五
| ・ ・ 歩 ・ ・ ・ ・ 歩 歩|六
| 歩 歩 銀 歩 歩 歩 歩 ・ ・|七
| ・ ・ ・ ・ ・ ・ ・ 飛 ・|八
| 香 桂 ・ 金 玉 金 銀 桂 香|九
+---------------------------+
先手の持駒：　角
SFEN: lnsgkg1nl/1r5s1/p1pppp1pp/6p2/1p7/2P4PP/PPSPPPP2/7R1/LN1GKGSNL w Bb 12
==================================================
[実盤面] 2025-04-11 20:35:40
後手の持駒：　角
  ９ ８ ７ ６ ５ ４ ３ ２ １
+---------------------------+
|v香v桂v銀v金v玉v金 ・v桂v香|一
| ・v飛 ・ ・ ・ ・ ・v銀 ・|二
| ・ ・v歩v歩v歩v歩 ・v歩v歩|三
|v歩 ・ ・ ・ ・ ・v歩 ・ ・|四
| ・v歩 ・ ・ ・ ・ ・ ・ ・|五
| ・ ・ 歩 ・ ・ ・ ・ 歩 歩|六
| 歩 歩 銀 歩 歩 歩 歩 ・ ・|七
| ・ ・ ・ ・ ・ ・ ・ 飛 ・|八
| 香 桂 ・ 金 玉 金 銀 桂 香|九
+---------------------------+
先手の持駒：　角
SFEN: lnsgkg1nl/1r5s1/2pppp1pp/p5p2/1p7/2P4PP/PPSPPPP2/7R1/LN1GKGSNL b Bb 13
==================================================
[実盤面] 2025-04-11 20:35:43
後手の持駒：　角
  ９ ８ ７ ６ ５ ４ ３ ２ １
+---------------------------+
|v香v桂v銀v金v玉v金 ・v桂v香|一
| ・v飛 ・ ・ ・ ・ ・v銀 ・|二
| ・ ・v歩v歩v歩v歩 ・v歩v歩|三
|v歩 ・ ・ ・ ・ ・v歩 ・ ・|四
| ・v歩 ・ ・ ・ ・ ・ ・ ・|五
| 歩 ・ 歩 ・ ・ ・ ・ 歩 歩|六
| ・ 歩 銀 歩 歩 歩 歩 ・ ・|七
| ・ ・ ・ ・ ・ ・ ・ 飛 ・|八
| 香 桂 ・ 金 玉 金 銀 桂 香|九
+---------------------------+
先手の持駒：　角
SFEN: lnsgkg1nl/1r5s1/2pppp1pp/p5p2/1p7/P1P4PP/1PSPPPP2/7R1/LN1GKGSNL w Bb 14
==================================================
[実盤面] 2025-04-11 20:35:46
後手の持駒：　角
  ９ ８ ７ ６ ５ ４ ３ ２ １
+---------------------------+
|v香v桂v銀v金v玉v金 ・v桂v香|一
| ・v飛 ・ ・ ・ ・ ・v銀 ・|二
| ・ ・ ・v歩v歩v歩 ・v歩v歩|三
|v歩 ・v歩 ・ ・ ・v歩 ・ ・|四
| ・v歩 ・ ・ ・ ・ ・ ・ ・|五
| 歩 ・ 歩 ・ ・ ・ ・ 歩 歩|六
| ・ 歩 銀 歩 歩 歩 歩 ・ ・|七
| ・ ・ ・ ・ ・ ・ ・ 飛 ・|八
| 香 桂 ・ 金 玉 金 銀 桂 香|九
+---------------------------+
先手の持駒：　角
SFEN: lnsgkg1nl/1r5s1/3ppp1pp/p1p3p2/1p7/P1P4PP/1PSPPPP2/7R1/LN1GKGSNL b Bb 15
==================================================
[実盤面] 2025-04-11 20:35:50
後手の持駒：　角
  ９ ８ ７ ６ ５ ４ ３ ２ １
+---------------------------+
|v香v桂v銀v金v玉v金 ・v桂v香|一
| ・v飛 ・ ・ ・ ・ ・v銀 ・|二
| ・ ・ ・v歩v歩v歩 ・v歩v歩|三
|v歩 ・v歩 ・ ・ ・v歩 ・ ・|四
| ・v歩 ・ ・ ・ ・ ・ ・ ・|五
| 歩 ・ 歩 ・ ・ ・ ・ 歩 歩|六
| ・ 歩 銀 歩 歩 歩 歩 ・ ・|七
| ・ ・ 金 ・ ・ ・ ・ 飛 ・|八
| 香 桂 ・ ・ 玉 金 銀 桂 香|九
+---------------------------+
先手の持駒：　角
SFEN: lnsgkg1nl/1r5s1/3ppp1pp/p1p3p2/1p7/P1P4PP/1PSPPPP2/2G4R1/LN2KGSNL w Bb 16
==================================================
[実盤面] 2025-04-11 20:35:53
後手の持駒：　角
  ９ ８ ７ ６ ５ ４ ３ ２ １
+---------------------------+
|v香 ・v銀v金v玉v金 ・v桂v香|一
| ・v飛 ・ ・ ・ ・ ・v銀 ・|二
| ・ ・v桂v歩v歩v歩 ・v歩v歩|三
|v歩 ・v歩 ・ ・ ・v歩 ・ ・|四
| ・v歩 ・ ・ ・ ・ ・ ・ ・|五
| 歩 ・ 歩 ・ ・ ・ ・ 歩 歩|六
| ・ 歩 銀 歩 歩 歩 歩 ・ ・|七
| ・ ・ 金 ・ ・ ・ ・ 飛 ・|八
| 香 桂 ・ ・ 玉 金 銀 桂 香|九
+---------------------------+
先手の持駒：　角
SFEN: l1sgkg1nl/1r5s1/2nppp1pp/p1p3p2/1p7/P1P4PP/1PSPPPP2/2G4R1/LN2KGSNL b Bb 17
==================================================
[実盤面] 2025-04-11 20:35:58
後手の持駒：　角
  ９ ８ ７ ６ ５ ４ ３ ２ １
+---------------------------+
|v香 ・v銀v金v玉v金 ・v桂v香|一
| ・v飛 ・ ・ ・ ・ ・v銀 ・|二
| ・ ・v桂v歩v歩v歩 ・v歩v歩|三
|v歩 ・v歩 ・ ・ ・v歩 ・ ・|四
| ・v歩 ・ ・ ・ ・ ・ ・ 歩|五
| 歩 ・ 歩 ・ ・ ・ ・ 歩 ・|六
| ・ 歩 銀 歩 歩 歩 歩 ・ ・|七
| ・ ・ 金 ・ ・ ・ ・ 飛 ・|八
| 香 桂 ・ ・ 玉 金 銀 桂 香|九
+---------------------------+
先手の持駒：　角
SFEN: l1sgkg1nl/1r5s1/2nppp1pp/p1p3p2/1p6P/P1P4P1/1PSPPPP2/2G4R1/LN2KGSNL w Bb 18
==================================================
[実盤面] 2025-04-11 20:36:02
後手の持駒：　角
  ９ ８ ７ ６ ５ ４ ３ ２ １
+---------------------------+
|v香 ・v銀v金v玉v金 ・v桂v香|一
| ・v飛 ・ ・ ・ ・ ・v銀 ・|二
| ・ ・v桂v歩v歩v歩 ・v歩v歩|三
|v歩 ・v歩 ・ ・ ・v歩 ・ ・|四
| ・ ・ ・ ・ ・ ・ ・ ・ 歩|五
| 歩v歩 歩 ・ ・ ・ ・ 歩 ・|六
| ・ 歩 銀 歩 歩 歩 歩 ・ ・|七
| ・ ・ 金 ・ ・ ・ ・ 飛 ・|八
| 香 桂 ・ ・ 玉 金 銀 桂 香|九
+---------------------------+
先手の持駒：　角
SFEN: l1sgkg1nl/1r5s1/2nppp1pp/p1p3p2/8P/PpP4P1/1PSPPPP2/2G4R1/LN2KGSNL b Bb 19
==================================================
[実盤面] 2025-04-11 20:36:05
後手の持駒：　角
  ９ ８ ７ ６ ５ ４ ３ ２ １
+---------------------------+
|v香 ・v銀v金v玉v金 ・v桂v香|一
| ・v飛 ・ ・ ・ ・ ・v銀 ・|二
| ・ ・v桂v歩v歩v歩 ・v歩v歩|三
|v歩 ・v歩 ・ ・ ・v歩 ・ ・|四
| ・ ・ ・ ・ ・ ・ ・ ・ 歩|五
| 歩 歩 歩 ・ ・ ・ ・ 歩 ・|六
| ・ ・ 銀 歩 歩 歩 歩 ・ ・|七
| ・ ・ 金 ・ ・ ・ ・ 飛 ・|八
| 香 桂 ・ ・ 玉 金 銀 桂 香|九
+---------------------------+
先手の持駒：　角　歩
SFEN: l1sgkg1nl/1r5s1/2nppp1pp/p1p3p2/8P/PPP4P1/2SPPPP2/2G4R1/LN2KGSNL w BPb 20
==================================================
[実盤面] 2025-04-11 20:36:08
後手の持駒：　角
  ９ ８ ７ ６ ５ ４ ３ ２ １
+---------------------------+
|v香 ・v銀v金v玉v金 ・v桂v香|一
| ・v飛 ・ ・ ・ ・ ・v銀 ・|二
| ・ ・ ・v歩v歩v歩 ・v歩v歩|三
|v歩 ・v歩 ・ ・ ・v歩 ・ ・|四
| ・ ・ ・v桂 ・ ・ ・ ・ 歩|五
| 歩 歩 歩 ・ ・ ・ ・ 歩 ・|六
| ・ ・ 銀 歩 歩 歩 歩 ・ ・|七
| ・ ・ 金 ・ ・ ・ ・ 飛 ・|八
| 香 桂 ・ ・ 玉 金 銀 桂 香|九
+---------------------------+
先手の持駒：　角　歩
SFEN: l1sgkg1nl/1r5s1/3ppp1pp/p1p3p2/3n4P/PPP4P1/2SPPPP2/2G4R1/LN2KGSNL b BPb 21
==================================================
[実盤面] 2025-04-11 20:36:12
後手の持駒：　角
  ９ ８ ７ ６ ５ ４ ３ ２ １
+---------------------------+
|v香 ・v銀v金v玉v金 ・v桂v香|一
| ・v飛 ・ ・ ・ ・ ・v銀 ・|二
| ・ ・ ・v歩v歩v歩 ・v歩v歩|三
|v歩 ・v歩 ・ ・ ・v歩 ・ ・|四
| ・ ・ ・v桂 ・ ・ ・ ・ 歩|五
| 歩 歩 歩 ・ ・ ・ ・ 歩 ・|六
| ・ ・ ・ 歩 歩 歩 歩 ・ ・|七
| ・ 銀 金 ・ ・ ・ ・ 飛 ・|八
| 香 桂 ・ ・ 玉 金 銀 桂 香|九
+---------------------------+
先手の持駒：　角　歩
SFEN: l1sgkg1nl/1r5s1/3ppp1pp/p1p3p2/3n4P/PPP4P1/3PPPP2/1SG4R1/LN2KGSNL w BPb 22
==================================================
[実盤面] 2025-04-11 20:36:17
後手の持駒：　角　歩
  ９ ８ ７ ６ ５ ４ ３ ２ １
+---------------------------+
|v香 ・v銀v金v玉v金 ・v桂v香|一
| ・ ・ ・ ・ ・ ・ ・v銀 ・|二
| ・ ・ ・v歩v歩v歩 ・v歩v歩|三
|v歩 ・v歩 ・ ・ ・v歩 ・ ・|四
| ・ ・ ・v桂 ・ ・ ・ ・ 歩|五
| 歩v飛 歩 ・ ・ ・ ・ 歩 ・|六
| ・ ・ ・ 歩 歩 歩 歩 ・ ・|七
| ・ 銀 金 ・ ・ ・ ・ 飛 ・|八
| 香 桂 ・ ・ 玉 金 銀 桂 香|九
+---------------------------+
先手の持駒：　角　歩
SFEN: l1sgkg1nl/7s1/3ppp1pp/p1p3p2/3n4P/PrP4P1/3PPPP2/1SG4R1/LN2KGSNL b BPbp 23
==================================================
[実盤面] 2025-04-11 20:36:20
後手の持駒：　角　歩
  ９ ８ ７ ６ ５ ４ ３ ２ １
+---------------------------+
|v香 ・v銀v金v玉v金 ・v桂v香|一
| ・ ・ ・ ・ ・ ・ ・v銀 ・|二
| ・ ・ ・v歩v歩v歩 ・v歩v歩|三
|v歩 ・v歩 ・ ・ ・v歩 ・ ・|四
| ・ ・ ・v桂 ・ ・ ・ ・ 歩|五
| 歩 ・ 歩 ・ ・ ・ ・ 歩 ・|六
| ・ ・ ・ 歩 歩 歩 歩 ・ ・|七
| ・ 銀 金 ・ ・ ・ ・ 飛 ・|八
| 香 龍 ・ ・ 玉 金 銀 桂 香|九
+---------------------------+
先手の持駒：　角　桂　歩
SFEN: l1sgkg1nl/7s1/3ppp1pp/p1p3p2/3n4P/P1P4P1/3PPPP2/1SG4R1/L+R2KGSNL w BNPbp 24
==================================================
