[AIの認識] 2025-04-11 19:55:40
'  9  8  7  6  5  4  3  2  1
P1-KY-KE-GI-KI-OU-KI-GI-KE-KY
P2 * -HI *  *  *  *  * -KA * 
P3-FU-FU-FU-FU-FU-FU-FU-FU-FU
P4 *  *  *  *  *  *  *  *  * 
P5 *  *  *  *  *  *  *  *  * 
P6 *  *  *  *  *  *  * +FU * 
P7+FU+FU+FU+FU+FU+FU+FU * +FU
P8 * +KA *  *  *  *  * +HI * 
P9+KY+KE+GI+KI+OU+KI+GI+KE+KY
-

==================================================
[AIの認識] 2025-04-11 19:55:45
'  9  8  7  6  5  4  3  2  1
P1-KY-KE-GI-KI-OU-KI-GI-KE-KY
P2 * -HI *  *  *  *  * -KA * 
P3-FU * -FU-FU-FU-FU-FU-FU-FU
P4 * -FU *  *  *  *  *  *  * 
P5 *  *  *  *  *  *  *  *  * 
P6 *  *  *  *  *  *  * +FU * 
P7+FU+FU+FU+FU+FU+FU+FU * +FU
P8 * +KA *  *  *  *  * +HI * 
P9+KY+KE+GI+KI+OU+KI+GI+KE+KY
+

==================================================
[AIの認識] 2025-04-11 19:55:49
'  9  8  7  6  5  4  3  2  1
P1-KY-KE-GI-KI-OU-KI-GI-KE-KY
P2 * -HI *  *  *  *  * -KA * 
P3-FU * -FU-FU-FU-FU-FU-FU-FU
P4 * -FU *  *  *  *  *  *  * 
P5 *  *  *  *  *  *  *  *  * 
P6 *  * +FU *  *  *  * +FU * 
P7+FU+FU * +FU+FU+FU+FU * +FU
P8 * +KA *  *  *  *  * +HI * 
P9+KY+KE+GI+KI+OU+KI+GI+KE+KY
-

==================================================
[AIの認識] 2025-04-11 19:55:52
'  9  8  7  6  5  4  3  2  1
P1-KY-KE-GI-KI-OU-KI-GI-KE-KY
P2 * -HI *  *  *  *  * -KA * 
P3-FU * -FU-FU-FU-FU-FU-FU-FU
P4 *  *  *  *  *  *  *  *  * 
P5 * -FU *  *  *  *  *  *  * 
P6 *  * +FU *  *  *  * +FU * 
P7+FU+FU * +FU+FU+FU+FU * +FU
P8 * +KA *  *  *  *  * +HI * 
P9+KY+KE+GI+KI+OU+KI+GI+KE+KY
+

==================================================
[AIの認識] 2025-04-11 19:55:56
'  9  8  7  6  5  4  3  2  1
P1-KY-KE-GI-KI-OU-KI-GI-KE-KY
P2 * -HI *  *  *  *  * -KA * 
P3-FU * -FU-FU-FU-FU-FU-FU-FU
P4 *  *  *  *  *  *  *  *  * 
P5 * -FU *  *  *  *  *  *  * 
P6 *  * +FU *  *  *  * +FU * 
P7+FU+FU+KA+FU+FU+FU+FU * +FU
P8 *  *  *  *  *  *  * +HI * 
P9+KY+KE+GI+KI+OU+KI+GI+KE+KY
-

==================================================
[AIの認識] 2025-04-11 19:55:59
'  9  8  7  6  5  4  3  2  1
P1-KY-KE-GI-KI-OU-KI-GI-KE-KY
P2 * -HI *  *  *  *  * -KA * 
P3-FU * -FU-FU-FU-FU * -FU-FU
P4 *  *  *  *  *  * -FU *  * 
P5 * -FU *  *  *  *  *  *  * 
P6 *  * +FU *  *  *  * +FU * 
P7+FU+FU+KA+FU+FU+FU+FU * +FU
P8 *  *  *  *  *  *  * +HI * 
P9+KY+KE+GI+KI+OU+KI+GI+KE+KY
+

==================================================
[AIの認識] 2025-04-11 19:56:04
'  9  8  7  6  5  4  3  2  1
P1-KY-KE-GI-KI-OU-KI-GI-KE-KY
P2 * -HI *  *  *  *  * -KA * 
P3-FU * -FU-FU-FU-FU * -FU-FU
P4 *  *  *  *  *  * -FU *  * 
P5 * -FU *  *  *  *  *  *  * 
P6 *  * +FU *  *  *  * +FU * 
P7+FU+FU+KA+FU+FU+FU+FU * +FU
P8 *  * +GI *  *  *  * +HI * 
P9+KY+KE * +KI+OU+KI+GI+KE+KY
-

==================================================
[AIの認識] 2025-04-11 19:56:07
'  9  8  7  6  5  4  3  2  1
P1-KY-KE-GI-KI-OU-KI-GI-KE-KY
P2 * -HI *  *  *  *  *  *  * 
P3-FU * -FU-FU-FU-FU * -FU-FU
P4 *  *  *  *  *  * -FU *  * 
P5 * -FU *  *  *  *  *  *  * 
P6 *  * +FU *  *  *  * +FU * 
P7+FU+FU-UM+FU+FU+FU+FU * +FU
P8 *  * +GI *  *  *  * +HI * 
P9+KY+KE * +KI+OU+KI+GI+KE+KY
P-00KA
+

==================================================
[AIの認識] 2025-04-11 19:56:10
'  9  8  7  6  5  4  3  2  1
P1-KY-KE-GI-KI-OU-KI-GI-KE-KY
P2 * -HI *  *  *  *  *  *  * 
P3-FU * -FU-FU-FU-FU * -FU-FU
P4 *  *  *  *  *  * -FU *  * 
P5 * -FU *  *  *  *  *  *  * 
P6 *  * +FU *  *  *  * +FU * 
P7+FU+FU+GI+FU+FU+FU+FU * +FU
P8 *  *  *  *  *  *  * +HI * 
P9+KY+KE * +KI+OU+KI+GI+KE+KY
P+00KA
P-00KA
-

==================================================
[AIの認識] 2025-04-11 19:56:14
'  9  8  7  6  5  4  3  2  1
P1-KY-KE-GI-KI-OU-KI * -KE-KY
P2 * -HI *  *  *  *  * -GI * 
P3-FU * -FU-FU-FU-FU * -FU-FU
P4 *  *  *  *  *  * -FU *  * 
P5 * -FU *  *  *  *  *  *  * 
P6 *  * +FU *  *  *  * +FU * 
P7+FU+FU+GI+FU+FU+FU+FU * +FU
P8 *  *  *  *  *  *  * +HI * 
P9+KY+KE * +KI+OU+KI+GI+KE+KY
P+00KA
P-00KA
+

==================================================
[AIの認識] 2025-04-11 19:56:19
'  9  8  7  6  5  4  3  2  1
P1-KY-KE-GI-KI-OU-KI * -KE-KY
P2 * -HI *  *  *  *  * -GI * 
P3-FU * -FU-FU-FU-FU * -FU-FU
P4 *  *  *  *  *  * -FU *  * 
P5 * -FU *  *  *  *  *  *  * 
P6 *  * +FU *  *  *  * +FU+FU
P7+FU+FU+GI+FU+FU+FU+FU *  * 
P8 *  *  *  *  *  *  * +HI * 
P9+KY+KE * +KI+OU+KI+GI+KE+KY
P+00KA
P-00KA
-

==================================================
[AIの認識] 2025-04-11 19:56:22
'  9  8  7  6  5  4  3  2  1
P1-KY-KE-GI-KI-OU-KI * -KE-KY
P2 * -HI *  *  *  *  * -GI * 
P3 *  * -FU-FU-FU-FU * -FU-FU
P4-FU *  *  *  *  * -FU *  * 
P5 * -FU *  *  *  *  *  *  * 
P6 *  * +FU *  *  *  * +FU+FU
P7+FU+FU+GI+FU+FU+FU+FU *  * 
P8 *  *  *  *  *  *  * +HI * 
P9+KY+KE * +KI+OU+KI+GI+KE+KY
P+00KA
P-00KA
+

==================================================
[AIの認識] 2025-04-11 19:56:25
'  9  8  7  6  5  4  3  2  1
P1-KY-KE-GI-KI-OU-KI * -KE-KY
P2 * -HI *  *  *  *  * -GI * 
P3 *  * -FU-FU-FU-FU * -FU-FU
P4-FU *  *  *  *  * -FU *  * 
P5 * -FU *  *  *  *  *  *  * 
P6+FU * +FU *  *  *  * +FU+FU
P7 * +FU+GI+FU+FU+FU+FU *  * 
P8 *  *  *  *  *  *  * +HI * 
P9+KY+KE * +KI+OU+KI+GI+KE+KY
P+00KA
P-00KA
-

==================================================
[AIの認識] 2025-04-11 19:56:28
'  9  8  7  6  5  4  3  2  1
P1-KY-KE-GI-KI-OU-KI * -KE-KY
P2 * -HI *  *  *  *  * -GI * 
P3 *  *  * -FU-FU-FU * -FU-FU
P4-FU * -FU *  *  * -FU *  * 
P5 * -FU *  *  *  *  *  *  * 
P6+FU * +FU *  *  *  * +FU+FU
P7 * +FU+GI+FU+FU+FU+FU *  * 
P8 *  *  *  *  *  *  * +HI * 
P9+KY+KE * +KI+OU+KI+GI+KE+KY
P+00KA
P-00KA
+

==================================================
[AIの認識] 2025-04-11 19:56:32
'  9  8  7  6  5  4  3  2  1
P1-KY-KE-GI-KI-OU-KI * -KE-KY
P2 * -HI *  *  *  *  * -GI * 
P3 *  *  * -FU-FU-FU * -FU-FU
P4-FU * -FU *  *  * -FU *  * 
P5 * -FU *  *  *  *  *  *  * 
P6+FU * +FU *  *  *  * +FU+FU
P7 * +FU+GI+FU+FU+FU+FU *  * 
P8 *  * +KI *  *  *  * +HI * 
P9+KY+KE *  * +OU+KI+GI+KE+KY
P+00KA
P-00KA
-

==================================================
[AIの認識] 2025-04-11 19:56:36
'  9  8  7  6  5  4  3  2  1
P1-KY * -GI-KI-OU-KI * -KE-KY
P2 * -HI *  *  *  *  * -GI * 
P3 *  * -KE-FU-FU-FU * -FU-FU
P4-FU * -FU *  *  * -FU *  * 
P5 * -FU *  *  *  *  *  *  * 
P6+FU * +FU *  *  *  * +FU+FU
P7 * +FU+GI+FU+FU+FU+FU *  * 
P8 *  * +KI *  *  *  * +HI * 
P9+KY+KE *  * +OU+KI+GI+KE+KY
P+00KA
P-00KA
+

==================================================
[AIの認識] 2025-04-11 19:56:41
'  9  8  7  6  5  4  3  2  1
P1-KY * -GI-KI-OU-KI * -KE-KY
P2 * -HI *  *  *  *  * -GI * 
P3 *  * -KE-FU-FU-FU * -FU-FU
P4-FU * -FU *  *  * -FU *  * 
P5 * -FU *  *  *  *  *  * +FU
P6+FU * +FU *  *  *  * +FU * 
P7 * +FU+GI+FU+FU+FU+FU *  * 
P8 *  * +KI *  *  *  * +HI * 
P9+KY+KE *  * +OU+KI+GI+KE+KY
P+00KA
P-00KA
-

==================================================
[AIの認識] 2025-04-11 19:56:44
'  9  8  7  6  5  4  3  2  1
P1-KY * -GI-KI-OU-KI * -KE-KY
P2 * -HI *  *  *  *  * -GI * 
P3 *  * -KE-FU-FU-FU * -FU-FU
P4-FU * -FU *  *  * -FU *  * 
P5 *  *  *  *  *  *  *  * +FU
P6+FU-FU+FU *  *  *  * +FU * 
P7 * +FU+GI+FU+FU+FU+FU *  * 
P8 *  * +KI *  *  *  * +HI * 
P9+KY+KE *  * +OU+KI+GI+KE+KY
P+00KA
P-00KA
+

==================================================
[AIの認識] 2025-04-11 19:56:47
'  9  8  7  6  5  4  3  2  1
P1-KY * -GI-KI-OU-KI * -KE-KY
P2 * -HI *  *  *  *  * -GI * 
P3 *  * -KE-FU-FU-FU * -FU-FU
P4-FU * -FU *  *  * -FU *  * 
P5 *  *  *  *  *  *  *  * +FU
P6+FU+FU+FU *  *  *  * +FU * 
P7 *  * +GI+FU+FU+FU+FU *  * 
P8 *  * +KI *  *  *  * +HI * 
P9+KY+KE *  * +OU+KI+GI+KE+KY
P+00FU
P+00KA
P-00KA
-

==================================================
[AIの認識] 2025-04-11 19:56:51
'  9  8  7  6  5  4  3  2  1
P1-KY * -GI-KI-OU-KI * -KE-KY
P2 * -HI *  *  *  *  * -GI * 
P3 *  *  * -FU-FU-FU * -FU-FU
P4-FU * -FU *  *  * -FU *  * 
P5 *  *  * -KE *  *  *  * +FU
P6+FU+FU+FU *  *  *  * +FU * 
P7 *  * +GI+FU+FU+FU+FU *  * 
P8 *  * +KI *  *  *  * +HI * 
P9+KY+KE *  * +OU+KI+GI+KE+KY
P+00FU
P+00KA
P-00KA
+

==================================================
[AIの認識] 2025-04-11 19:56:54
'  9  8  7  6  5  4  3  2  1
P1-KY * -GI-KI-OU-KI * -KE-KY
P2 * -HI *  *  *  *  * -GI * 
P3 *  *  * -FU-FU-FU * -FU-FU
P4-FU * -FU *  *  * -FU *  * 
P5 *  *  * -KE *  *  *  * +FU
P6+FU+FU+FU *  *  *  * +FU * 
P7 *  *  * +FU+FU+FU+FU *  * 
P8 * +GI+KI *  *  *  * +HI * 
P9+KY+KE *  * +OU+KI+GI+KE+KY
P+00FU
P+00KA
P-00KA
-

==================================================
[AIの認識] 2025-04-11 19:56:59
'  9  8  7  6  5  4  3  2  1
P1-KY * -GI-KI-OU-KI * -KE-KY
P2 *  *  *  *  *  *  * -GI * 
P3 *  *  * -FU-FU-FU * -FU-FU
P4-FU * -FU *  *  * -FU *  * 
P5 *  *  * -KE *  *  *  * +FU
P6+FU-HI+FU *  *  *  * +FU * 
P7 *  * +GI+FU+FU+FU+FU *  * 
P8 *  * +KI *  *  *  * +HI * 
P9+KY+KE *  * +OU+KI+GI+KE+KY
P+00FU
P+00KA
P-00FU
P-00KA
-

==================================================
[AIの認識] 2025-04-11 20:32:08
'  9  8  7  6  5  4  3  2  1
P1-KY-KE-GI-KI-OU-KI-GI-KE-KY
P2 * -HI *  *  *  *  * -KA * 
P3-FU-FU-FU-FU-FU-FU-FU-FU-FU
P4 *  *  *  *  *  *  *  *  * 
P5 *  *  *  *  *  *  *  *  * 
P6 *  *  *  *  *  *  * +FU * 
P7+FU+FU+FU+FU+FU+FU+FU * +FU
P8 * +KA *  *  *  *  * +HI * 
P9+KY+KE+GI+KI+OU+KI+GI+KE+KY
-

==================================================
[AIの認識] 2025-04-11 20:33:55
'  9  8  7  6  5  4  3  2  1
P1-KY-KE-GI-KI-OU-KI-GI-KE-KY
P2 * -HI *  *  *  *  * -KA * 
P3-FU-FU-FU-FU-FU-FU-FU-FU-FU
P4 *  *  *  *  *  *  *  *  * 
P5 *  *  *  *  *  *  *  *  * 
P6 *  *  *  *  *  *  * +FU * 
P7+FU+FU+FU+FU+FU+FU+FU * +FU
P8 * +KA *  *  *  *  * +HI * 
P9+KY+KE+GI+KI+OU+KI+GI+KE+KY
-

==================================================
[AIの認識] 2025-04-11 20:34:01
'  9  8  7  6  5  4  3  2  1
P1-KY-KE-GI-KI-OU-KI-GI-KE-KY
P2 * -HI *  *  *  *  * -KA * 
P3-FU * -FU-FU-FU-FU-FU-FU-FU
P4 * -FU *  *  *  *  *  *  * 
P5 *  *  *  *  *  *  *  *  * 
P6 *  *  *  *  *  *  * +FU * 
P7+FU+FU+FU+FU+FU+FU+FU * +FU
P8 * +KA *  *  *  *  * +HI * 
P9+KY+KE+GI+KI+OU+KI+GI+KE+KY
+

==================================================
[AIの認識] 2025-04-11 20:34:15
'  9  8  7  6  5  4  3  2  1
P1-KY-KE-GI-KI-OU-KI-GI-KE-KY
P2 * -HI *  *  *  *  * -KA * 
P3-FU-FU-FU-FU-FU-FU-FU-FU-FU
P4 *  *  *  *  *  *  *  *  * 
P5 *  *  *  *  *  *  *  *  * 
P6 *  *  *  *  *  *  * +FU * 
P7+FU+FU+FU+FU+FU+FU+FU * +FU
P8 * +KA *  *  *  *  * +HI * 
P9+KY+KE+GI+KI+OU+KI+GI+KE+KY
-

==================================================
[AIの認識] 2025-04-11 20:34:15
'  9  8  7  6  5  4  3  2  1
P1-KY-KE-GI-KI-OU-KI-GI-KE-KY
P2 * -HI *  *  *  *  * -KA * 
P3-FU-FU-FU-FU-FU-FU-FU-FU-FU
P4 *  *  *  *  *  *  *  *  * 
P5 *  *  *  *  *  *  *  *  * 
P6 *  *  *  *  *  *  * +FU * 
P7+FU+FU+FU+FU+FU+FU+FU * +FU
P8 * +KA *  *  *  *  * +HI * 
P9+KY+KE+GI+KI+OU+KI+GI+KE+KY
-

==================================================
[AIの認識] 2025-04-11 20:34:58
'  9  8  7  6  5  4  3  2  1
P1-KY-KE-GI-KI-OU-KI-GI-KE-KY
P2 * -HI *  *  *  *  * -KA * 
P3-FU-FU-FU-FU-FU-FU-FU-FU-FU
P4 *  *  *  *  *  *  *  *  * 
P5 *  *  *  *  *  *  *  *  * 
P6 *  *  *  *  *  *  * +FU * 
P7+FU+FU+FU+FU+FU+FU+FU * +FU
P8 * +KA *  *  *  *  * +HI * 
P9+KY+KE+GI+KI+OU+KI+GI+KE+KY
-

==================================================
[AIの認識] 2025-04-11 20:35:04
'  9  8  7  6  5  4  3  2  1
P1-KY-KE-GI-KI-OU-KI-GI-KE-KY
P2 * -HI *  *  *  *  * -KA * 
P3-FU * -FU-FU-FU-FU-FU-FU-FU
P4 * -FU *  *  *  *  *  *  * 
P5 *  *  *  *  *  *  *  *  * 
P6 *  *  *  *  *  *  * +FU * 
P7+FU+FU+FU+FU+FU+FU+FU * +FU
P8 * +KA *  *  *  *  * +HI * 
P9+KY+KE+GI+KI+OU+KI+GI+KE+KY
+

==================================================
[AIの認識] 2025-04-11 20:35:07
'  9  8  7  6  5  4  3  2  1
P1-KY-KE-GI-KI-OU-KI-GI-KE-KY
P2 * -HI *  *  *  *  * -KA * 
P3-FU * -FU-FU-FU-FU-FU-FU-FU
P4 * -FU *  *  *  *  *  *  * 
P5 *  *  *  *  *  *  *  *  * 
P6 *  * +FU *  *  *  * +FU * 
P7+FU+FU * +FU+FU+FU+FU * +FU
P8 * +KA *  *  *  *  * +HI * 
P9+KY+KE+GI+KI+OU+KI+GI+KE+KY
-

==================================================
[AIの認識] 2025-04-11 20:35:10
'  9  8  7  6  5  4  3  2  1
P1-KY-KE-GI-KI-OU-KI-GI-KE-KY
P2 * -HI *  *  *  *  * -KA * 
P3-FU * -FU-FU-FU-FU-FU-FU-FU
P4 *  *  *  *  *  *  *  *  * 
P5 * -FU *  *  *  *  *  *  * 
P6 *  * +FU *  *  *  * +FU * 
P7+FU+FU * +FU+FU+FU+FU * +FU
P8 * +KA *  *  *  *  * +HI * 
P9+KY+KE+GI+KI+OU+KI+GI+KE+KY
+

==================================================
[AIの認識] 2025-04-11 20:35:14
'  9  8  7  6  5  4  3  2  1
P1-KY-KE-GI-KI-OU-KI-GI-KE-KY
P2 * -HI *  *  *  *  * -KA * 
P3-FU * -FU-FU-FU-FU-FU-FU-FU
P4 *  *  *  *  *  *  *  *  * 
P5 * -FU *  *  *  *  *  *  * 
P6 *  * +FU *  *  *  * +FU * 
P7+FU+FU+KA+FU+FU+FU+FU * +FU
P8 *  *  *  *  *  *  * +HI * 
P9+KY+KE+GI+KI+OU+KI+GI+KE+KY
-

==================================================
[AIの認識] 2025-04-11 20:35:17
'  9  8  7  6  5  4  3  2  1
P1-KY-KE-GI-KI-OU-KI-GI-KE-KY
P2 * -HI *  *  *  *  * -KA * 
P3-FU * -FU-FU-FU-FU * -FU-FU
P4 *  *  *  *  *  * -FU *  * 
P5 * -FU *  *  *  *  *  *  * 
P6 *  * +FU *  *  *  * +FU * 
P7+FU+FU+KA+FU+FU+FU+FU * +FU
P8 *  *  *  *  *  *  * +HI * 
P9+KY+KE+GI+KI+OU+KI+GI+KE+KY
+

==================================================
[AIの認識] 2025-04-11 20:35:22
'  9  8  7  6  5  4  3  2  1
P1-KY-KE-GI-KI-OU-KI-GI-KE-KY
P2 * -HI *  *  *  *  * -KA * 
P3-FU * -FU-FU-FU-FU * -FU-FU
P4 *  *  *  *  *  * -FU *  * 
P5 * -FU *  *  *  *  *  *  * 
P6 *  * +FU *  *  *  * +FU * 
P7+FU+FU+KA+FU+FU+FU+FU * +FU
P8 *  * +GI *  *  *  * +HI * 
P9+KY+KE * +KI+OU+KI+GI+KE+KY
-

==================================================
[AIの認識] 2025-04-11 20:35:26
'  9  8  7  6  5  4  3  2  1
P1-KY-KE-GI-KI-OU-KI-GI-KE-KY
P2 * -HI *  *  *  *  *  *  * 
P3-FU * -FU-FU-FU-FU * -FU-FU
P4 *  *  *  *  *  * -FU *  * 
P5 * -FU *  *  *  *  *  *  * 
P6 *  * +FU *  *  *  * +FU * 
P7+FU+FU-UM+FU+FU+FU+FU * +FU
P8 *  * +GI *  *  *  * +HI * 
P9+KY+KE * +KI+OU+KI+GI+KE+KY
P-00KA
+

==================================================
[AIの認識] 2025-04-11 20:35:29
'  9  8  7  6  5  4  3  2  1
P1-KY-KE-GI-KI-OU-KI-GI-KE-KY
P2 * -HI *  *  *  *  *  *  * 
P3-FU * -FU-FU-FU-FU * -FU-FU
P4 *  *  *  *  *  * -FU *  * 
P5 * -FU *  *  *  *  *  *  * 
P6 *  * +FU *  *  *  * +FU * 
P7+FU+FU+GI+FU+FU+FU+FU * +FU
P8 *  *  *  *  *  *  * +HI * 
P9+KY+KE * +KI+OU+KI+GI+KE+KY
P+00KA
P-00KA
-

==================================================
[AIの認識] 2025-04-11 20:35:32
'  9  8  7  6  5  4  3  2  1
P1-KY-KE-GI-KI-OU-KI * -KE-KY
P2 * -HI *  *  *  *  * -GI * 
P3-FU * -FU-FU-FU-FU * -FU-FU
P4 *  *  *  *  *  * -FU *  * 
P5 * -FU *  *  *  *  *  *  * 
P6 *  * +FU *  *  *  * +FU * 
P7+FU+FU+GI+FU+FU+FU+FU * +FU
P8 *  *  *  *  *  *  * +HI * 
P9+KY+KE * +KI+OU+KI+GI+KE+KY
P+00KA
P-00KA
+

==================================================
[AIの認識] 2025-04-11 20:35:37
'  9  8  7  6  5  4  3  2  1
P1-KY-KE-GI-KI-OU-KI * -KE-KY
P2 * -HI *  *  *  *  * -GI * 
P3-FU * -FU-FU-FU-FU * -FU-FU
P4 *  *  *  *  *  * -FU *  * 
P5 * -FU *  *  *  *  *  *  * 
P6 *  * +FU *  *  *  * +FU+FU
P7+FU+FU+GI+FU+FU+FU+FU *  * 
P8 *  *  *  *  *  *  * +HI * 
P9+KY+KE * +KI+OU+KI+GI+KE+KY
P+00KA
P-00KA
-

==================================================
[AIの認識] 2025-04-11 20:35:41
'  9  8  7  6  5  4  3  2  1
P1-KY-KE-GI-KI-OU-KI * -KE-KY
P2 * -HI *  *  *  *  * -GI * 
P3 *  * -FU-FU-FU-FU * -FU-FU
P4-FU *  *  *  *  * -FU *  * 
P5 * -FU *  *  *  *  *  *  * 
P6 *  * +FU *  *  *  * +FU+FU
P7+FU+FU+GI+FU+FU+FU+FU *  * 
P8 *  *  *  *  *  *  * +HI * 
P9+KY+KE * +KI+OU+KI+GI+KE+KY
P+00KA
P-00KA
+

==================================================
[AIの認識] 2025-04-11 20:35:44
'  9  8  7  6  5  4  3  2  1
P1-KY-KE-GI-KI-OU-KI * -KE-KY
P2 * -HI *  *  *  *  * -GI * 
P3 *  * -FU-FU-FU-FU * -FU-FU
P4-FU *  *  *  *  * -FU *  * 
P5 * -FU *  *  *  *  *  *  * 
P6+FU * +FU *  *  *  * +FU+FU
P7 * +FU+GI+FU+FU+FU+FU *  * 
P8 *  *  *  *  *  *  * +HI * 
P9+KY+KE * +KI+OU+KI+GI+KE+KY
P+00KA
P-00KA
-

==================================================
[AIの認識] 2025-04-11 20:35:47
'  9  8  7  6  5  4  3  2  1
P1-KY-KE-GI-KI-OU-KI * -KE-KY
P2 * -HI *  *  *  *  * -GI * 
P3 *  *  * -FU-FU-FU * -FU-FU
P4-FU * -FU *  *  * -FU *  * 
P5 * -FU *  *  *  *  *  *  * 
P6+FU * +FU *  *  *  * +FU+FU
P7 * +FU+GI+FU+FU+FU+FU *  * 
P8 *  *  *  *  *  *  * +HI * 
P9+KY+KE * +KI+OU+KI+GI+KE+KY
P+00KA
P-00KA
+

==================================================
[AIの認識] 2025-04-11 20:35:50
'  9  8  7  6  5  4  3  2  1
P1-KY-KE-GI-KI-OU-KI * -KE-KY
P2 * -HI *  *  *  *  * -GI * 
P3 *  *  * -FU-FU-FU * -FU-FU
P4-FU * -FU *  *  * -FU *  * 
P5 * -FU *  *  *  *  *  *  * 
P6+FU * +FU *  *  *  * +FU+FU
P7 * +FU+GI+FU+FU+FU+FU *  * 
P8 *  * +KI *  *  *  * +HI * 
P9+KY+KE *  * +OU+KI+GI+KE+KY
P+00KA
P-00KA
-

==================================================
[AIの認識] 2025-04-11 20:35:54
'  9  8  7  6  5  4  3  2  1
P1-KY * -GI-KI-OU-KI * -KE-KY
P2 * -HI *  *  *  *  * -GI * 
P3 *  * -KE-FU-FU-FU * -FU-FU
P4-FU * -FU *  *  * -FU *  * 
P5 * -FU *  *  *  *  *  *  * 
P6+FU * +FU *  *  *  * +FU+FU
P7 * +FU+GI+FU+FU+FU+FU *  * 
P8 *  * +KI *  *  *  * +HI * 
P9+KY+KE *  * +OU+KI+GI+KE+KY
P+00KA
P-00KA
+

==================================================
[AIの認識] 2025-04-11 20:35:59
'  9  8  7  6  5  4  3  2  1
P1-KY * -GI-KI-OU-KI * -KE-KY
P2 * -HI *  *  *  *  * -GI * 
P3 *  * -KE-FU-FU-FU * -FU-FU
P4-FU * -FU *  *  * -FU *  * 
P5 * -FU *  *  *  *  *  * +FU
P6+FU * +FU *  *  *  * +FU * 
P7 * +FU+GI+FU+FU+FU+FU *  * 
P8 *  * +KI *  *  *  * +HI * 
P9+KY+KE *  * +OU+KI+GI+KE+KY
P+00KA
P-00KA
-

==================================================
[AIの認識] 2025-04-11 20:36:02
'  9  8  7  6  5  4  3  2  1
P1-KY * -GI-KI-OU-KI * -KE-KY
P2 * -HI *  *  *  *  * -GI * 
P3 *  * -KE-FU-FU-FU * -FU-FU
P4-FU * -FU *  *  * -FU *  * 
P5 *  *  *  *  *  *  *  * +FU
P6+FU-FU+FU *  *  *  * +FU * 
P7 * +FU+GI+FU+FU+FU+FU *  * 
P8 *  * +KI *  *  *  * +HI * 
P9+KY+KE *  * +OU+KI+GI+KE+KY
P+00KA
P-00KA
+

==================================================
[AIの認識] 2025-04-11 20:36:05
'  9  8  7  6  5  4  3  2  1
P1-KY * -GI-KI-OU-KI * -KE-KY
P2 * -HI *  *  *  *  * -GI * 
P3 *  * -KE-FU-FU-FU * -FU-FU
P4-FU * -FU *  *  * -FU *  * 
P5 *  *  *  *  *  *  *  * +FU
P6+FU+FU+FU *  *  *  * +FU * 
P7 *  * +GI+FU+FU+FU+FU *  * 
P8 *  * +KI *  *  *  * +HI * 
P9+KY+KE *  * +OU+KI+GI+KE+KY
P+00FU
P+00KA
P-00KA
-

==================================================
[AIの認識] 2025-04-11 20:36:09
'  9  8  7  6  5  4  3  2  1
P1-KY * -GI-KI-OU-KI * -KE-KY
P2 * -HI *  *  *  *  * -GI * 
P3 *  *  * -FU-FU-FU * -FU-FU
P4-FU * -FU *  *  * -FU *  * 
P5 *  *  * -KE *  *  *  * +FU
P6+FU+FU+FU *  *  *  * +FU * 
P7 *  * +GI+FU+FU+FU+FU *  * 
P8 *  * +KI *  *  *  * +HI * 
P9+KY+KE *  * +OU+KI+GI+KE+KY
P+00FU
P+00KA
P-00KA
+

==================================================
[AIの認識] 2025-04-11 20:36:12
'  9  8  7  6  5  4  3  2  1
P1-KY * -GI-KI-OU-KI * -KE-KY
P2 * -HI *  *  *  *  * -GI * 
P3 *  *  * -FU-FU-FU * -FU-FU
P4-FU * -FU *  *  * -FU *  * 
P5 *  *  * -KE *  *  *  * +FU
P6+FU+FU+FU *  *  *  * +FU * 
P7 *  *  * +FU+FU+FU+FU *  * 
P8 * +GI+KI *  *  *  * +HI * 
P9+KY+KE *  * +OU+KI+GI+KE+KY
P+00FU
P+00KA
P-00KA
-

==================================================
[AIの認識] 2025-04-11 20:36:17
'  9  8  7  6  5  4  3  2  1
P1-KY * -GI-KI-OU-KI * -KE-KY
P2 *  *  *  *  *  *  * -GI * 
P3 *  *  * -FU-FU-FU * -FU-FU
P4-FU * -FU *  *  * -FU *  * 
P5 *  *  * -KE *  *  *  * +FU
P6+FU-HI+FU *  *  *  * +FU * 
P7 *  * +GI+FU+FU+FU+FU *  * 
P8 *  * +KI *  *  *  * +HI * 
P9+KY+KE *  * +OU+KI+GI+KE+KY
P+00FU
P+00KA
P-00FU
P-00KA
-

==================================================
